# JRE version: OpenJDK Runtime Environment Temurin-21.0.4+7 (21.0.4+7) (build 21.0.4+7-LTS)
# Java VM: OpenJDK 64-Bit Server VM Temurin-21.0.4+7 (21.0.4+7-LTS, mixed mode, emulated-client, sharing, tiered, compressed oops, compressed class ptrs, g1 gc, windows-amd64)
GC Precious Log:
 CardTable entry size: 512
 Card Set container configuration: InlinePtr #cards 4 size 8 Array Of Cards #cards 16 size 48 Howl #buckets 8 coarsen threshold 3686 Howl Bitmap #cards 512 size 80 coarsen threshold 460 Card regions per heap region 1 cards per card region 4096
 CPUs: 16 total, 16 available
 Memory: 15720M
 Large Page Support: Disabled
 NUMA Support: Disabled
 Compressed Oops: Enabled (Zero based)
 Heap Region Size: 2M
 Heap Min Capacity: 8M
 Heap Initial Capacity: 246M
 Heap Max Capacity: 3932M
 Pre-touch: Disabled
 Parallel Workers: 13
 Concurrent Workers: 3
 Concurrent Refinement Workers: 13
 Periodic GC: Disabled
Heap:
 garbage-first heap   total 208896K, used 146094K [0x000000070a400000, 0x0000000800000000)
  region size 2048K, 44 young (90112K), 6 survivors (12288K)
 Metaspace       used 86761K, committed 87936K, reserved 1179648K
  class space    used 12018K, committed 12544K, reserved 1048576K
GC Heap History (20 events):
Event: 7.398 GC heap before
{Heap before GC invocations=16 (full 0):
 garbage-first heap   total 104448K, used 80862K [0x000000070a400000, 0x0000000800000000)
  region size 2048K, 30 young (61440K), 3 survivors (6144K)
 Metaspace       used 59868K, committed 60544K, reserved 1114112K
  class space    used 8130K, committed 8448K, reserved 1048576K
}
Event: 7.403 GC heap after
{Heap after GC invocations=17 (full 0):
 garbage-first heap   total 104448K, used 28537K [0x000000070a400000, 0x0000000800000000)
  region size 2048K, 3 young (6144K), 3 survivors (6144K)
 Metaspace       used 59868K, committed 60544K, reserved 1114112K
  class space    used 8130K, committed 8448K, reserved 1048576K
}
Event: 8.018 GC heap before
{Heap before GC invocations=17 (full 0):
 garbage-first heap   total 104448K, used 83833K [0x000000070a400000, 0x0000000800000000)
  region size 2048K, 30 young (61440K), 3 survivors (6144K)
 Metaspace       used 64988K, committed 65728K, reserved 1114112K
  class space    used 8970K, committed 9280K, reserved 1048576K
}
Event: 8.022 GC heap after
{Heap after GC invocations=18 (full 0):
 garbage-first heap   total 104448K, used 29483K [0x000000070a400000, 0x0000000800000000)
  region size 2048K, 3 young (6144K), 3 survivors (6144K)
 Metaspace       used 64988K, committed 65728K, reserved 1114112K
  class space    used 8970K, committed 9280K, reserved 1048576K
}
Event: 8.876 GC heap before
{Heap before GC invocations=18 (full 0):
 garbage-first heap   total 104448K, used 84779K [0x000000070a400000, 0x0000000800000000)
  region size 2048K, 30 young (61440K), 3 survivors (6144K)
 Metaspace       used 69696K, committed 70464K, reserved 1114112K
  class space    used 9600K, committed 9920K, reserved 1048576K
}
Event: 8.881 GC heap after
{Heap after GC invocations=19 (full 0):
 garbage-first heap   total 104448K, used 32115K [0x000000070a400000, 0x0000000800000000)
  region size 2048K, 3 young (6144K), 3 survivors (6144K)
 Metaspace       used 69696K, committed 70464K, reserved 1114112K
  class space    used 9600K, committed 9920K, reserved 1048576K
}
Event: 9.327 GC heap before
{Heap before GC invocations=19 (full 0):
 garbage-first heap   total 104448K, used 85363K [0x000000070a400000, 0x0000000800000000)
  region size 2048K, 30 young (61440K), 3 survivors (6144K)
 Metaspace       used 72239K, committed 72960K, reserved 1114112K
  class space    used 9940K, committed 10240K, reserved 1048576K
}
Event: 9.334 GC heap after
{Heap after GC invocations=20 (full 0):
 garbage-first heap   total 104448K, used 39340K [0x000000070a400000, 0x0000000800000000)
  region size 2048K, 4 young (8192K), 4 survivors (8192K)
 Metaspace       used 72239K, committed 72960K, reserved 1114112K
  class space    used 9940K, committed 10240K, reserved 1048576K
}
Event: 9.462 GC heap before
{Heap before GC invocations=20 (full 0):
 garbage-first heap   total 104448K, used 84396K [0x000000070a400000, 0x0000000800000000)
  region size 2048K, 27 young (55296K), 4 survivors (8192K)
 Metaspace       used 72311K, committed 73024K, reserved 1114112K
  class space    used 9951K, committed 10240K, reserved 1048576K
}
Event: 9.470 GC heap after
{Heap after GC invocations=21 (full 0):
 garbage-first heap   total 104448K, used 47909K [0x000000070a400000, 0x0000000800000000)
  region size 2048K, 4 young (8192K), 4 survivors (8192K)
 Metaspace       used 72311K, committed 73024K, reserved 1114112K
  class space    used 9951K, committed 10240K, reserved 1048576K
}
Event: 9.563 GC heap before
{Heap before GC invocations=21 (full 0):
 garbage-first heap   total 104448K, used 84773K [0x000000070a400000, 0x0000000800000000)
  region size 2048K, 23 young (47104K), 4 survivors (8192K)
 Metaspace       used 72344K, committed 73088K, reserved 1114112K
  class space    used 9956K, committed 10304K, reserved 1048576K
}
Event: 9.569 GC heap after
{Heap after GC invocations=22 (full 0):
 garbage-first heap   total 104448K, used 56157K [0x000000070a400000, 0x0000000800000000)
  region size 2048K, 3 young (6144K), 3 survivors (6144K)
 Metaspace       used 72344K, committed 73088K, reserved 1114112K
  class space    used 9956K, committed 10304K, reserved 1048576K
}
Event: 9.631 GC heap before
{Heap before GC invocations=23 (full 0):
 garbage-first heap   total 104448K, used 84829K [0x000000070a400000, 0x0000000800000000)
  region size 2048K, 18 young (36864K), 3 survivors (6144K)
 Metaspace       used 72344K, committed 73088K, reserved 1114112K
  class space    used 9956K, committed 10304K, reserved 1048576K
}
Event: 9.636 GC heap after
{Heap after GC invocations=24 (full 0):
 garbage-first heap   total 104448K, used 63340K [0x000000070a400000, 0x0000000800000000)
  region size 2048K, 3 young (6144K), 3 survivors (6144K)
 Metaspace       used 72344K, committed 73088K, reserved 1114112K
  class space    used 9956K, committed 10304K, reserved 1048576K
}
Event: 9.857 GC heap before
{Heap before GC invocations=24 (full 0):
 garbage-first heap   total 104448K, used 87916K [0x000000070a400000, 0x0000000800000000)
  region size 2048K, 15 young (30720K), 3 survivors (6144K)
 Metaspace       used 72671K, committed 73408K, reserved 1114112K
  class space    used 10062K, committed 10368K, reserved 1048576K
}
Event: 9.861 GC heap after
{Heap after GC invocations=25 (full 0):
 garbage-first heap   total 104448K, used 63863K [0x000000070a400000, 0x0000000800000000)
  region size 2048K, 1 young (2048K), 1 survivors (2048K)
 Metaspace       used 72671K, committed 73408K, reserved 1114112K
  class space    used 10062K, committed 10368K, reserved 1048576K
}
Event: 10.163 GC heap before
{Heap before GC invocations=25 (full 0):
 garbage-first heap   total 104448K, used 88439K [0x000000070a400000, 0x0000000800000000)
  region size 2048K, 13 young (26624K), 1 survivors (2048K)
 Metaspace       used 74184K, committed 75008K, reserved 1114112K
  class space    used 10306K, committed 10688K, reserved 1048576K
}
Event: 10.166 GC heap after
{Heap after GC invocations=26 (full 0):
 garbage-first heap   total 208896K, used 64981K [0x000000070a400000, 0x0000000800000000)
  region size 2048K, 2 young (4096K), 2 survivors (4096K)
 Metaspace       used 74184K, committed 75008K, reserved 1114112K
  class space    used 10306K, committed 10688K, reserved 1048576K
}
Event: 13.331 GC heap before
{Heap before GC invocations=27 (full 0):
 garbage-first heap   total 208896K, used 176718K [0x000000070a400000, 0x0000000800000000)
  region size 2048K, 54 young (110592K), 2 survivors (4096K)
 Metaspace       used 81723K, committed 82752K, reserved 1179648K
  class space    used 11296K, committed 11776K, reserved 1048576K
}
Event: 13.341 GC heap after
{Heap after GC invocations=28 (full 0):
 garbage-first heap   total 208896K, used 72366K [0x000000070a400000, 0x0000000800000000)
  region size 2048K, 6 young (12288K), 6 survivors (12288K)
 Metaspace       used 81723K, committed 82752K, reserved 1179648K
  class space    used 11296K, committed 11776K, reserved 1048576K
}

